Using pre-set license
Built from '2020.3/staging' branch; Version is '2020.3.40f1 (ba48d4efcef1) revision 12208340'; Using compiler version '192528614'; Build Type 'Release'
OS: 'Windows 11  (10.0.22631) 64bit Professional' Language: 'en' Physical Memory: 32627 MB
BatchMode: 1, IsHumanControllingUs: 0, StartBugReporterOnCrash: 0, Is64bit: 1, IsPro: 0

COMMAND LINE ARGUMENTS:
C:\Program Files\Unity\Hub\Editor\2020.3.40f1\Editor\Unity.exe
-adb2
-batchMode
-noUpm
-name
AssetImportWorker0
-projectPath
C:/Users/Sara/Desktop/Unity/Clayxels/unity-design-task
-logFile
Logs/AssetImportWorker0.log
-srvPort
52980
Successfully changed project path to: C:/Users/Sara/Desktop/Unity/Clayxels/unity-design-task
C:/Users/Sara/Desktop/Unity/Clayxels/unity-design-task
Using Asset Import Pipeline V2.
Refreshing native plugins compatible for Editor in 58.20 ms, found 7 plugins.
Preloading 1 native plugins for Editor in 0.63 ms.
Initialize engine version: 2020.3.40f1 (ba48d4efcef1)
[Subsystems] Discovering subsystems at path C:/Program Files/Unity/Hub/Editor/2020.3.40f1/Editor/Data/Resources/UnitySubsystems
[Subsystems] Discovering subsystems at path C:/Users/Sara/Desktop/Unity/Clayxels/unity-design-task/Assets
GfxDevice: creating device client; threaded=0
Direct3D:
    Version:  Direct3D 11.0 [level 11.1]
    Renderer: NVIDIA GeForce RTX 3090 Ti (ID=0x2203)
    Vendor:   
    VRAM:     24327 MB
    Driver:   31.0.15.3640
Initialize mono
Mono path[0] = 'C:/Program Files/Unity/Hub/Editor/2020.3.40f1/Editor/Data/Managed'
Mono path[1] = 'C:/Program Files/Unity/Hub/Editor/2020.3.40f1/Editor/Data/MonoBleedingEdge/lib/mono/unityjit'
Mono config path = 'C:/Program Files/Unity/Hub/Editor/2020.3.40f1/Editor/Data/MonoBleedingEdge/etc'
Using monoOptions --debugger-agent=transport=dt_socket,embedding=1,server=y,suspend=n,address=127.0.0.1:56864
Begin MonoManager ReloadAssembly
Registering precompiled unity dll's ...
Register platform support module: C:/Program Files/Unity/Hub/Editor/2020.3.40f1/Editor/Data/PlaybackEngines/WindowsStandaloneSupport/UnityEditor.WindowsStandalone.Extensions.dll
Register platform support module: C:/Program Files/Unity/Hub/Editor/2020.3.40f1/Editor/Data/PlaybackEngines/LuminSupport/UnityEditor.Lumin.Extensions.dll
Registered in 0.000896 seconds.
Native extension for Lumin target not found
Native extension for WindowsStandalone target not found
Refreshing native plugins compatible for Editor in 51.53 ms, found 7 plugins.
Preloading 1 native plugins for Editor in 0.05 ms.
Mono: successfully reloaded assembly
- Completed reload, in  0.465 seconds
Domain Reload Profiling:
	ReloadAssembly (465ms)
		BeginReloadAssembly (61ms)
			ExecutionOrderSort (0ms)
			DisableScriptedObjects (0ms)
			BackupInstance (0ms)
			ReleaseScriptingObjects (0ms)
			CreateAndSetChildDomain (0ms)
		EndReloadAssembly (358ms)
			LoadAssemblies (60ms)
			RebuildTransferFunctionScriptingTraits (0ms)
			SetupTypeCache (111ms)
			ReleaseScriptCaches (0ms)
			RebuildScriptCaches (19ms)
			SetupLoadedEditorAssemblies (149ms)
				LogAssemblyErrors (0ms)
				InitializePlatformSupportModulesInManaged (2ms)
				SetLoadedEditorAssemblies (0ms)
				RefreshPlugins (52ms)
				BeforeProcessingInitializeOnLoad (12ms)
				ProcessInitializeOnLoadAttributes (65ms)
				ProcessInitializeOnLoadMethodAttributes (18ms)
				AfterProcessingInitializeOnLoad (0ms)
				EditorAssembliesLoaded (0ms)
			ExecutionOrderSort2 (0ms)
			AwakeInstancesAfterBackupRestoration (0ms)
Platform modules already initialized, skipping
Registering precompiled user dll's ...
Registered in 0.002506 seconds.
Begin MonoManager ReloadAssembly
Native extension for Lumin target not found
Native extension for WindowsStandalone target not found
Refreshing native plugins compatible for Editor in 50.51 ms, found 7 plugins.
Preloading 1 native plugins for Editor in 0.04 ms.
Mono: successfully reloaded assembly
- Completed reload, in  0.973 seconds
Domain Reload Profiling:
	ReloadAssembly (973ms)
		BeginReloadAssembly (82ms)
			ExecutionOrderSort (0ms)
			DisableScriptedObjects (3ms)
			BackupInstance (0ms)
			ReleaseScriptingObjects (0ms)
			CreateAndSetChildDomain (11ms)
		EndReloadAssembly (856ms)
			LoadAssemblies (58ms)
			RebuildTransferFunctionScriptingTraits (0ms)
			SetupTypeCache (234ms)
			ReleaseScriptCaches (0ms)
			RebuildScriptCaches (32ms)
			SetupLoadedEditorAssemblies (459ms)
				LogAssemblyErrors (0ms)
				InitializePlatformSupportModulesInManaged (3ms)
				SetLoadedEditorAssemblies (0ms)
				RefreshPlugins (51ms)
				BeforeProcessingInitializeOnLoad (66ms)
				ProcessInitializeOnLoadAttributes (329ms)
				ProcessInitializeOnLoadMethodAttributes (9ms)
				AfterProcessingInitializeOnLoad (2ms)
				EditorAssembliesLoaded (0ms)
			ExecutionOrderSort2 (0ms)
			AwakeInstancesAfterBackupRestoration (0ms)
Platform modules already initialized, skipping
========================================================================
Worker process is ready to serve import requests
Launched and connected shader compiler UnityShaderCompiler.exe after 0.04 seconds
Refreshing native plugins compatible for Editor in 0.49 ms, found 7 plugins.
Preloading 1 native plugins for Editor in 0.04 ms.
Unloading 3017 Unused Serialized files (Serialized files now loaded: 0)
System memory in use before: 134.0 MB.
System memory in use after: 133.9 MB.

Unloading 46 unused Assets to reduce memory usage. Loaded Objects now: 3430.
Total: 2.193400 ms (FindLiveObjects: 0.105900 ms CreateObjectMapping: 0.053100 ms MarkObjects: 1.875300 ms  DeleteObjects: 0.158200 ms)

AssetImportParameters requested are different than current active one (requested -> active):
  custom:framework-win-MediaFoundation: 216162199b28c13a410421893ffa2e32 -> 
  custom:video-decoder-ogg-theora: a1e56fd34408186e4bbccfd4996cb3dc -> 
  custom:container-muxer-webm: aa71ff27fc2769a1b78a27578f13a17b -> 
  custom:container-demuxer-webm: 4f35f7cbe854078d1ac9338744f61a02 -> 
  custom:container-demuxer-ogg: 62fdf1f143b41e24485cea50d1cbac27 -> 
  custom:video-encoder-webm-vp8: eb34c28f22e8b96e1ab97ce403110664 -> 
  custom:video-decoder-webm-vp8: 9c59270c3fd7afecdb556c50c9e8de78 -> 
  custom:audio-decoder-ogg-vorbis: bf7c407c2cedff20999df2af8eb42d56 -> 
  custom:audio-encoder-webm-vorbis: bf7c407c2cedff20999df2af8eb42d56 -> 
========================================================================
Received Import Request.
  path: Assets/MainObject2.prefab
  artifactKey: Guid(f10f11637c189894ba755cd825b619d8) Importer(815301076,1909f56bfc062723c751e8b465ee728b)
Start importing Assets/MainObject2.prefab using Guid(f10f11637c189894ba755cd825b619d8) Importer(815301076,1909f56bfc062723c751e8b465ee728b)  -> (artifact id: 'fedf9d60b7435fe41d9e175f699a5cd8') in 0.072602 seconds 
========================================================================
Received Prepare
Registering precompiled user dll's ...
Registered in 0.002381 seconds.
Begin MonoManager ReloadAssembly
Native extension for Lumin target not found
Native extension for WindowsStandalone target not found
Refreshing native plugins compatible for Editor in 0.48 ms, found 7 plugins.
Preloading 1 native plugins for Editor in 0.10 ms.
Mono: successfully reloaded assembly
- Completed reload, in  0.714 seconds
Domain Reload Profiling:
	ReloadAssembly (715ms)
		BeginReloadAssembly (79ms)
			ExecutionOrderSort (0ms)
			DisableScriptedObjects (3ms)
			BackupInstance (0ms)
			ReleaseScriptingObjects (0ms)
			CreateAndSetChildDomain (26ms)
		EndReloadAssembly (602ms)
			LoadAssemblies (59ms)
			RebuildTransferFunctionScriptingTraits (0ms)
			SetupTypeCache (195ms)
			ReleaseScriptCaches (1ms)
			RebuildScriptCaches (24ms)
			SetupLoadedEditorAssemblies (272ms)
				LogAssemblyErrors (0ms)
				InitializePlatformSupportModulesInManaged (3ms)
				SetLoadedEditorAssemblies (0ms)
				RefreshPlugins (1ms)
				BeforeProcessingInitializeOnLoad (53ms)
				ProcessInitializeOnLoadAttributes (204ms)
				ProcessInitializeOnLoadMethodAttributes (8ms)
				AfterProcessingInitializeOnLoad (2ms)
				EditorAssembliesLoaded (0ms)
			ExecutionOrderSort2 (0ms)
			AwakeInstancesAfterBackupRestoration (0ms)
Platform modules already initialized, skipping
Refreshing native plugins compatible for Editor in 0.54 ms, found 7 plugins.
Preloading 1 native plugins for Editor in 0.04 ms.
Unloading 2995 Unused Serialized files (Serialized files now loaded: 0)
System memory in use before: 132.9 MB.
System memory in use after: 132.8 MB.

Unloading 39 unused Assets to reduce memory usage. Loaded Objects now: 3434.
Total: 2.199700 ms (FindLiveObjects: 0.123300 ms CreateObjectMapping: 0.049900 ms MarkObjects: 1.870800 ms  DeleteObjects: 0.154200 ms)

AssetImportParameters requested are different than current active one (requested -> active):
  custom:framework-win-MediaFoundation: 216162199b28c13a410421893ffa2e32 -> 
  custom:video-decoder-ogg-theora: a1e56fd34408186e4bbccfd4996cb3dc -> 
  custom:container-muxer-webm: aa71ff27fc2769a1b78a27578f13a17b -> 
  custom:container-demuxer-webm: 4f35f7cbe854078d1ac9338744f61a02 -> 
  custom:container-demuxer-ogg: 62fdf1f143b41e24485cea50d1cbac27 -> 
  custom:video-encoder-webm-vp8: eb34c28f22e8b96e1ab97ce403110664 -> 
  custom:video-decoder-webm-vp8: 9c59270c3fd7afecdb556c50c9e8de78 -> 
  custom:audio-decoder-ogg-vorbis: bf7c407c2cedff20999df2af8eb42d56 -> 
  custom:audio-encoder-webm-vorbis: bf7c407c2cedff20999df2af8eb42d56 -> 
========================================================================
Received Import Request.
  Time since last request: 2042.892236 seconds.
  path: Assets/Scripts/OnCollision.cs
  artifactKey: Guid(e50e4f3a00b77b844a4ebf9e80d5822d) Importer(815301076,1909f56bfc062723c751e8b465ee728b)
Start importing Assets/Scripts/OnCollision.cs using Guid(e50e4f3a00b77b844a4ebf9e80d5822d) Importer(815301076,1909f56bfc062723c751e8b465ee728b)  -> (artifact id: '287997408c068539455496329f956c22') in 0.029365 seconds 
========================================================================
Received Prepare
Registering precompiled user dll's ...
Registered in 0.005574 seconds.
Begin MonoManager ReloadAssembly
Native extension for Lumin target not found
Native extension for WindowsStandalone target not found
Refreshing native plugins compatible for Editor in 0.52 ms, found 7 plugins.
Preloading 1 native plugins for Editor in 0.06 ms.
Mono: successfully reloaded assembly
- Completed reload, in  0.880 seconds
Domain Reload Profiling:
	ReloadAssembly (883ms)
		BeginReloadAssembly (246ms)
			ExecutionOrderSort (0ms)
			DisableScriptedObjects (18ms)
			BackupInstance (0ms)
			ReleaseScriptingObjects (0ms)
			CreateAndSetChildDomain (113ms)
		EndReloadAssembly (596ms)
			LoadAssemblies (96ms)
			RebuildTransferFunctionScriptingTraits (0ms)
			SetupTypeCache (206ms)
			ReleaseScriptCaches (1ms)
			RebuildScriptCaches (24ms)
			SetupLoadedEditorAssemblies (241ms)
				LogAssemblyErrors (0ms)
				InitializePlatformSupportModulesInManaged (3ms)
				SetLoadedEditorAssemblies (0ms)
				RefreshPlugins (1ms)
				BeforeProcessingInitializeOnLoad (57ms)
				ProcessInitializeOnLoadAttributes (168ms)
				ProcessInitializeOnLoadMethodAttributes (9ms)
				AfterProcessingInitializeOnLoad (2ms)
				EditorAssembliesLoaded (0ms)
			ExecutionOrderSort2 (0ms)
			AwakeInstancesAfterBackupRestoration (0ms)
Platform modules already initialized, skipping
Refreshing native plugins compatible for Editor in 0.50 ms, found 7 plugins.
Preloading 1 native plugins for Editor in 0.05 ms.
Unloading 2995 Unused Serialized files (Serialized files now loaded: 0)
System memory in use before: 133.0 MB.
System memory in use after: 132.9 MB.

Unloading 39 unused Assets to reduce memory usage. Loaded Objects now: 3437.
Total: 2.163500 ms (FindLiveObjects: 0.132200 ms CreateObjectMapping: 0.058200 ms MarkObjects: 1.794900 ms  DeleteObjects: 0.177000 ms)

AssetImportParameters requested are different than current active one (requested -> active):
  custom:framework-win-MediaFoundation: 216162199b28c13a410421893ffa2e32 -> 
  custom:video-decoder-ogg-theora: a1e56fd34408186e4bbccfd4996cb3dc -> 
  custom:container-muxer-webm: aa71ff27fc2769a1b78a27578f13a17b -> 
  custom:container-demuxer-webm: 4f35f7cbe854078d1ac9338744f61a02 -> 
  custom:container-demuxer-ogg: 62fdf1f143b41e24485cea50d1cbac27 -> 
  custom:video-encoder-webm-vp8: eb34c28f22e8b96e1ab97ce403110664 -> 
  custom:video-decoder-webm-vp8: 9c59270c3fd7afecdb556c50c9e8de78 -> 
  custom:audio-decoder-ogg-vorbis: bf7c407c2cedff20999df2af8eb42d56 -> 
  custom:audio-encoder-webm-vorbis: bf7c407c2cedff20999df2af8eb42d56 -> 
========================================================================
Received Prepare
Registering precompiled user dll's ...
Registered in 0.005930 seconds.
Begin MonoManager ReloadAssembly
Native extension for Lumin target not found
Native extension for WindowsStandalone target not found
Refreshing native plugins compatible for Editor in 1.11 ms, found 7 plugins.
Preloading 1 native plugins for Editor in 0.09 ms.
Mono: successfully reloaded assembly
- Completed reload, in  1.416 seconds
Domain Reload Profiling:
	ReloadAssembly (1417ms)
		BeginReloadAssembly (133ms)
			ExecutionOrderSort (0ms)
			DisableScriptedObjects (5ms)
			BackupInstance (0ms)
			ReleaseScriptingObjects (0ms)
			CreateAndSetChildDomain (45ms)
		EndReloadAssembly (1207ms)
			LoadAssemblies (129ms)
			RebuildTransferFunctionScriptingTraits (0ms)
			SetupTypeCache (388ms)
			ReleaseScriptCaches (1ms)
			RebuildScriptCaches (58ms)
			SetupLoadedEditorAssemblies (500ms)
				LogAssemblyErrors (0ms)
				InitializePlatformSupportModulesInManaged (5ms)
				SetLoadedEditorAssemblies (1ms)
				RefreshPlugins (1ms)
				BeforeProcessingInitializeOnLoad (121ms)
				ProcessInitializeOnLoadAttributes (347ms)
				ProcessInitializeOnLoadMethodAttributes (18ms)
				AfterProcessingInitializeOnLoad (7ms)
				EditorAssembliesLoaded (0ms)
			ExecutionOrderSort2 (0ms)
			AwakeInstancesAfterBackupRestoration (1ms)
Platform modules already initialized, skipping
Refreshing native plugins compatible for Editor in 0.97 ms, found 7 plugins.
Preloading 1 native plugins for Editor in 0.07 ms.
Unloading 2995 Unused Serialized files (Serialized files now loaded: 0)
System memory in use before: 133.0 MB.
System memory in use after: 132.9 MB.

Unloading 39 unused Assets to reduce memory usage. Loaded Objects now: 3440.
Total: 3.879600 ms (FindLiveObjects: 0.384700 ms CreateObjectMapping: 0.196300 ms MarkObjects: 2.930500 ms  DeleteObjects: 0.366400 ms)

AssetImportParameters requested are different than current active one (requested -> active):
  custom:framework-win-MediaFoundation: 216162199b28c13a410421893ffa2e32 -> 
  custom:video-decoder-ogg-theora: a1e56fd34408186e4bbccfd4996cb3dc -> 
  custom:container-muxer-webm: aa71ff27fc2769a1b78a27578f13a17b -> 
  custom:container-demuxer-webm: 4f35f7cbe854078d1ac9338744f61a02 -> 
  custom:container-demuxer-ogg: 62fdf1f143b41e24485cea50d1cbac27 -> 
  custom:video-encoder-webm-vp8: eb34c28f22e8b96e1ab97ce403110664 -> 
  custom:video-decoder-webm-vp8: 9c59270c3fd7afecdb556c50c9e8de78 -> 
  custom:audio-decoder-ogg-vorbis: bf7c407c2cedff20999df2af8eb42d56 -> 
  custom:audio-encoder-webm-vorbis: bf7c407c2cedff20999df2af8eb42d56 -> 
========================================================================
Received Prepare
Registering precompiled user dll's ...
Registered in 0.005880 seconds.
Begin MonoManager ReloadAssembly
Native extension for Lumin target not found
Native extension for WindowsStandalone target not found
Refreshing native plugins compatible for Editor in 0.74 ms, found 7 plugins.
Preloading 1 native plugins for Editor in 0.07 ms.
Mono: successfully reloaded assembly
- Completed reload, in  1.429 seconds
Domain Reload Profiling:
	ReloadAssembly (1430ms)
		BeginReloadAssembly (158ms)
			ExecutionOrderSort (0ms)
			DisableScriptedObjects (5ms)
			BackupInstance (0ms)
			ReleaseScriptingObjects (0ms)
			CreateAndSetChildDomain (63ms)
		EndReloadAssembly (1195ms)
			LoadAssemblies (134ms)
			RebuildTransferFunctionScriptingTraits (0ms)
			SetupTypeCache (422ms)
			ReleaseScriptCaches (1ms)
			RebuildScriptCaches (62ms)
			SetupLoadedEditorAssemblies (464ms)
				LogAssemblyErrors (0ms)
				InitializePlatformSupportModulesInManaged (5ms)
				SetLoadedEditorAssemblies (1ms)
				RefreshPlugins (1ms)
				BeforeProcessingInitializeOnLoad (108ms)
				ProcessInitializeOnLoadAttributes (327ms)
				ProcessInitializeOnLoadMethodAttributes (18ms)
				AfterProcessingInitializeOnLoad (6ms)
				EditorAssembliesLoaded (0ms)
			ExecutionOrderSort2 (0ms)
			AwakeInstancesAfterBackupRestoration (1ms)
Platform modules already initialized, skipping
Refreshing native plugins compatible for Editor in 0.82 ms, found 7 plugins.
Preloading 1 native plugins for Editor in 0.11 ms.
Unloading 2995 Unused Serialized files (Serialized files now loaded: 0)
System memory in use before: 133.0 MB.
System memory in use after: 132.9 MB.

Unloading 39 unused Assets to reduce memory usage. Loaded Objects now: 3443.
Total: 5.380400 ms (FindLiveObjects: 0.435300 ms CreateObjectMapping: 0.086100 ms MarkObjects: 4.595800 ms  DeleteObjects: 0.261800 ms)

AssetImportParameters requested are different than current active one (requested -> active):
  custom:framework-win-MediaFoundation: 216162199b28c13a410421893ffa2e32 -> 
  custom:video-decoder-ogg-theora: a1e56fd34408186e4bbccfd4996cb3dc -> 
  custom:container-muxer-webm: aa71ff27fc2769a1b78a27578f13a17b -> 
  custom:container-demuxer-webm: 4f35f7cbe854078d1ac9338744f61a02 -> 
  custom:container-demuxer-ogg: 62fdf1f143b41e24485cea50d1cbac27 -> 
  custom:video-encoder-webm-vp8: eb34c28f22e8b96e1ab97ce403110664 -> 
  custom:video-decoder-webm-vp8: 9c59270c3fd7afecdb556c50c9e8de78 -> 
  custom:audio-decoder-ogg-vorbis: bf7c407c2cedff20999df2af8eb42d56 -> 
  custom:audio-encoder-webm-vorbis: bf7c407c2cedff20999df2af8eb42d56 -> 
========================================================================
Received Import Request.
  Time since last request: 4194.539393 seconds.
  path: Assets/Scenes/Task_main.unity
  artifactKey: Guid(afc2db0cae472d849ac30cede35613c8) Importer(815301076,1909f56bfc062723c751e8b465ee728b)
Start importing Assets/Scenes/Task_main.unity using Guid(afc2db0cae472d849ac30cede35613c8) Importer(815301076,1909f56bfc062723c751e8b465ee728b)  -> (artifact id: '67382c61acea4c4bc891006920c273eb') in 0.006837 seconds 
========================================================================
Received Prepare
Registering precompiled user dll's ...
Registered in 0.002566 seconds.
Begin MonoManager ReloadAssembly
Native extension for Lumin target not found
Native extension for WindowsStandalone target not found
Refreshing native plugins compatible for Editor in 0.51 ms, found 7 plugins.
Preloading 1 native plugins for Editor in 0.09 ms.
Mono: successfully reloaded assembly
- Completed reload, in  0.676 seconds
Domain Reload Profiling:
	ReloadAssembly (677ms)
		BeginReloadAssembly (76ms)
			ExecutionOrderSort (0ms)
			DisableScriptedObjects (3ms)
			BackupInstance (0ms)
			ReleaseScriptingObjects (0ms)
			CreateAndSetChildDomain (26ms)
		EndReloadAssembly (565ms)
			LoadAssemblies (61ms)
			RebuildTransferFunctionScriptingTraits (0ms)
			SetupTypeCache (195ms)
			ReleaseScriptCaches (1ms)
			RebuildScriptCaches (23ms)
			SetupLoadedEditorAssemblies (233ms)
				LogAssemblyErrors (0ms)
				InitializePlatformSupportModulesInManaged (3ms)
				SetLoadedEditorAssemblies (0ms)
				RefreshPlugins (1ms)
				BeforeProcessingInitializeOnLoad (54ms)
				ProcessInitializeOnLoadAttributes (165ms)
				ProcessInitializeOnLoadMethodAttributes (8ms)
				AfterProcessingInitializeOnLoad (2ms)
				EditorAssembliesLoaded (0ms)
			ExecutionOrderSort2 (0ms)
			AwakeInstancesAfterBackupRestoration (0ms)
Platform modules already initialized, skipping
Refreshing native plugins compatible for Editor in 0.56 ms, found 7 plugins.
Preloading 1 native plugins for Editor in 0.05 ms.
Unloading 2995 Unused Serialized files (Serialized files now loaded: 0)
System memory in use before: 133.0 MB.
System memory in use after: 132.9 MB.

Unloading 39 unused Assets to reduce memory usage. Loaded Objects now: 3446.
Total: 2.319100 ms (FindLiveObjects: 0.131800 ms CreateObjectMapping: 0.061100 ms MarkObjects: 1.948100 ms  DeleteObjects: 0.177300 ms)

AssetImportParameters requested are different than current active one (requested -> active):
  custom:framework-win-MediaFoundation: 216162199b28c13a410421893ffa2e32 -> 
  custom:video-decoder-ogg-theora: a1e56fd34408186e4bbccfd4996cb3dc -> 
  custom:container-muxer-webm: aa71ff27fc2769a1b78a27578f13a17b -> 
  custom:container-demuxer-webm: 4f35f7cbe854078d1ac9338744f61a02 -> 
  custom:container-demuxer-ogg: 62fdf1f143b41e24485cea50d1cbac27 -> 
  custom:video-encoder-webm-vp8: eb34c28f22e8b96e1ab97ce403110664 -> 
  custom:video-decoder-webm-vp8: 9c59270c3fd7afecdb556c50c9e8de78 -> 
  custom:audio-decoder-ogg-vorbis: bf7c407c2cedff20999df2af8eb42d56 -> 
  custom:audio-encoder-webm-vorbis: bf7c407c2cedff20999df2af8eb42d56 -> 
========================================================================
Received Prepare
Registering precompiled user dll's ...
Registered in 0.002407 seconds.
Begin MonoManager ReloadAssembly
Native extension for Lumin target not found
Native extension for WindowsStandalone target not found
Refreshing native plugins compatible for Editor in 0.58 ms, found 7 plugins.
Preloading 1 native plugins for Editor in 0.05 ms.
Mono: successfully reloaded assembly
- Completed reload, in  0.691 seconds
Domain Reload Profiling:
	ReloadAssembly (692ms)
		BeginReloadAssembly (71ms)
			ExecutionOrderSort (0ms)
			DisableScriptedObjects (2ms)
			BackupInstance (0ms)
			ReleaseScriptingObjects (0ms)
			CreateAndSetChildDomain (23ms)
		EndReloadAssembly (585ms)
			LoadAssemblies (60ms)
			RebuildTransferFunctionScriptingTraits (0ms)
			SetupTypeCache (199ms)
			ReleaseScriptCaches (1ms)
			RebuildScriptCaches (27ms)
			SetupLoadedEditorAssemblies (243ms)
				LogAssemblyErrors (0ms)
				InitializePlatformSupportModulesInManaged (3ms)
				SetLoadedEditorAssemblies (0ms)
				RefreshPlugins (1ms)
				BeforeProcessingInitializeOnLoad (62ms)
				ProcessInitializeOnLoadAttributes (167ms)
				ProcessInitializeOnLoadMethodAttributes (8ms)
				AfterProcessingInitializeOnLoad (2ms)
				EditorAssembliesLoaded (0ms)
			ExecutionOrderSort2 (0ms)
			AwakeInstancesAfterBackupRestoration (0ms)
Platform modules already initialized, skipping
Refreshing native plugins compatible for Editor in 0.54 ms, found 7 plugins.
Preloading 1 native plugins for Editor in 0.05 ms.
Unloading 2997 Unused Serialized files (Serialized files now loaded: 0)
System memory in use before: 133.0 MB.
System memory in use after: 133.0 MB.

Unloading 39 unused Assets to reduce memory usage. Loaded Objects now: 3451.
Total: 2.252500 ms (FindLiveObjects: 0.143100 ms CreateObjectMapping: 0.062500 ms MarkObjects: 1.877400 ms  DeleteObjects: 0.168400 ms)

AssetImportParameters requested are different than current active one (requested -> active):
  custom:framework-win-MediaFoundation: 216162199b28c13a410421893ffa2e32 -> 
  custom:video-decoder-ogg-theora: a1e56fd34408186e4bbccfd4996cb3dc -> 
  custom:container-muxer-webm: aa71ff27fc2769a1b78a27578f13a17b -> 
  custom:container-demuxer-webm: 4f35f7cbe854078d1ac9338744f61a02 -> 
  custom:container-demuxer-ogg: 62fdf1f143b41e24485cea50d1cbac27 -> 
  custom:video-encoder-webm-vp8: eb34c28f22e8b96e1ab97ce403110664 -> 
  custom:video-decoder-webm-vp8: 9c59270c3fd7afecdb556c50c9e8de78 -> 
  custom:audio-decoder-ogg-vorbis: bf7c407c2cedff20999df2af8eb42d56 -> 
  custom:audio-encoder-webm-vorbis: bf7c407c2cedff20999df2af8eb42d56 -> 
========================================================================
Received Prepare
Registering precompiled user dll's ...
Registered in 0.002626 seconds.
Begin MonoManager ReloadAssembly
Native extension for Lumin target not found
Native extension for WindowsStandalone target not found
Refreshing native plugins compatible for Editor in 0.50 ms, found 7 plugins.
Preloading 1 native plugins for Editor in 0.05 ms.
Mono: successfully reloaded assembly
- Completed reload, in  0.647 seconds
Domain Reload Profiling:
	ReloadAssembly (647ms)
		BeginReloadAssembly (69ms)
			ExecutionOrderSort (0ms)
			DisableScriptedObjects (2ms)
			BackupInstance (0ms)
			ReleaseScriptingObjects (0ms)
			CreateAndSetChildDomain (21ms)
		EndReloadAssembly (544ms)
			LoadAssemblies (59ms)
			RebuildTransferFunctionScriptingTraits (0ms)
			SetupTypeCache (184ms)
			ReleaseScriptCaches (1ms)
			RebuildScriptCaches (24ms)
			SetupLoadedEditorAssemblies (225ms)
				LogAssemblyErrors (0ms)
				InitializePlatformSupportModulesInManaged (3ms)
				SetLoadedEditorAssemblies (1ms)
				RefreshPlugins (1ms)
				BeforeProcessingInitializeOnLoad (54ms)
				ProcessInitializeOnLoadAttributes (157ms)
				ProcessInitializeOnLoadMethodAttributes (8ms)
				AfterProcessingInitializeOnLoad (2ms)
				EditorAssembliesLoaded (0ms)
			ExecutionOrderSort2 (0ms)
			AwakeInstancesAfterBackupRestoration (0ms)
Platform modules already initialized, skipping
Refreshing native plugins compatible for Editor in 0.58 ms, found 7 plugins.
Preloading 1 native plugins for Editor in 0.04 ms.
Unloading 2997 Unused Serialized files (Serialized files now loaded: 0)
System memory in use before: 133.1 MB.
System memory in use after: 133.0 MB.

Unloading 39 unused Assets to reduce memory usage. Loaded Objects now: 3454.
Total: 2.164300 ms (FindLiveObjects: 0.134800 ms CreateObjectMapping: 0.054600 ms MarkObjects: 1.806400 ms  DeleteObjects: 0.167600 ms)

AssetImportParameters requested are different than current active one (requested -> active):
  custom:framework-win-MediaFoundation: 216162199b28c13a410421893ffa2e32 -> 
  custom:video-decoder-ogg-theora: a1e56fd34408186e4bbccfd4996cb3dc -> 
  custom:container-muxer-webm: aa71ff27fc2769a1b78a27578f13a17b -> 
  custom:container-demuxer-webm: 4f35f7cbe854078d1ac9338744f61a02 -> 
  custom:container-demuxer-ogg: 62fdf1f143b41e24485cea50d1cbac27 -> 
  custom:video-encoder-webm-vp8: eb34c28f22e8b96e1ab97ce403110664 -> 
  custom:video-decoder-webm-vp8: 9c59270c3fd7afecdb556c50c9e8de78 -> 
  custom:audio-decoder-ogg-vorbis: bf7c407c2cedff20999df2af8eb42d56 -> 
  custom:audio-encoder-webm-vorbis: bf7c407c2cedff20999df2af8eb42d56 -> 
========================================================================
Received Import Request.
  Time since last request: 142.693307 seconds.
  path: Assets/Main Object 2.prefab
  artifactKey: Guid(88d13dfbefc4e574a88db1770918cde8) Importer(815301076,1909f56bfc062723c751e8b465ee728b)
Start importing Assets/Main Object 2.prefab using Guid(88d13dfbefc4e574a88db1770918cde8) Importer(815301076,1909f56bfc062723c751e8b465ee728b)  -> (artifact id: '0fabeaa18f19b2cd41c559b0164454da') in 0.081843 seconds 
========================================================================
Received Prepare
Registering precompiled user dll's ...
Registered in 0.002511 seconds.
Begin MonoManager ReloadAssembly
Native extension for Lumin target not found
Native extension for WindowsStandalone target not found
Refreshing native plugins compatible for Editor in 0.50 ms, found 7 plugins.
Preloading 1 native plugins for Editor in 0.05 ms.
Mono: successfully reloaded assembly
- Completed reload, in  0.677 seconds
Domain Reload Profiling:
	ReloadAssembly (678ms)
		BeginReloadAssembly (74ms)
			ExecutionOrderSort (0ms)
			DisableScriptedObjects (3ms)
			BackupInstance (0ms)
			ReleaseScriptingObjects (0ms)
			CreateAndSetChildDomain (24ms)
		EndReloadAssembly (567ms)
			LoadAssemblies (63ms)
			RebuildTransferFunctionScriptingTraits (0ms)
			SetupTypeCache (184ms)
			ReleaseScriptCaches (1ms)
			RebuildScriptCaches (24ms)
			SetupLoadedEditorAssemblies (246ms)
				LogAssemblyErrors (0ms)
				InitializePlatformSupportModulesInManaged (3ms)
				SetLoadedEditorAssemblies (0ms)
				RefreshPlugins (1ms)
				BeforeProcessingInitializeOnLoad (56ms)
				ProcessInitializeOnLoadAttributes (177ms)
				ProcessInitializeOnLoadMethodAttributes (8ms)
				AfterProcessingInitializeOnLoad (2ms)
				EditorAssembliesLoaded (0ms)
			ExecutionOrderSort2 (0ms)
			AwakeInstancesAfterBackupRestoration (0ms)
Platform modules already initialized, skipping
Refreshing native plugins compatible for Editor in 0.57 ms, found 7 plugins.
Preloading 1 native plugins for Editor in 0.05 ms.
Unloading 2997 Unused Serialized files (Serialized files now loaded: 0)
System memory in use before: 133.2 MB.
System memory in use after: 133.2 MB.

Unloading 39 unused Assets to reduce memory usage. Loaded Objects now: 3457.
Total: 2.219600 ms (FindLiveObjects: 0.128300 ms CreateObjectMapping: 0.061900 ms MarkObjects: 1.866500 ms  DeleteObjects: 0.162000 ms)

AssetImportParameters requested are different than current active one (requested -> active):
  custom:framework-win-MediaFoundation: 216162199b28c13a410421893ffa2e32 -> 
  custom:video-decoder-ogg-theora: a1e56fd34408186e4bbccfd4996cb3dc -> 
  custom:container-muxer-webm: aa71ff27fc2769a1b78a27578f13a17b -> 
  custom:container-demuxer-webm: 4f35f7cbe854078d1ac9338744f61a02 -> 
  custom:container-demuxer-ogg: 62fdf1f143b41e24485cea50d1cbac27 -> 
  custom:video-encoder-webm-vp8: eb34c28f22e8b96e1ab97ce403110664 -> 
  custom:video-decoder-webm-vp8: 9c59270c3fd7afecdb556c50c9e8de78 -> 
  custom:audio-decoder-ogg-vorbis: bf7c407c2cedff20999df2af8eb42d56 -> 
  custom:audio-encoder-webm-vorbis: bf7c407c2cedff20999df2af8eb42d56 -> 
========================================================================
Received Import Request.
  Time since last request: 21.923856 seconds.
  path: Assets/Liquid 1.prefab
  artifactKey: Guid(44185cf2312590346b2a3a94bb685ea0) Importer(815301076,1909f56bfc062723c751e8b465ee728b)
Start importing Assets/Liquid 1.prefab using Guid(44185cf2312590346b2a3a94bb685ea0) Importer(815301076,1909f56bfc062723c751e8b465ee728b)  -> (artifact id: '9685742c172908c3903c5647918a61f7') in 0.085522 seconds 
========================================================================
Received Prepare
Registering precompiled user dll's ...
Registered in 0.002299 seconds.
Begin MonoManager ReloadAssembly
Native extension for Lumin target not found
Native extension for WindowsStandalone target not found
Refreshing native plugins compatible for Editor in 0.48 ms, found 7 plugins.
Preloading 1 native plugins for Editor in 0.05 ms.
Mono: successfully reloaded assembly
- Completed reload, in  0.674 seconds
Domain Reload Profiling:
	ReloadAssembly (675ms)
		BeginReloadAssembly (83ms)
			ExecutionOrderSort (0ms)
			DisableScriptedObjects (2ms)
			BackupInstance (0ms)
			ReleaseScriptingObjects (0ms)
			CreateAndSetChildDomain (25ms)
		EndReloadAssembly (555ms)
			LoadAssemblies (70ms)
			RebuildTransferFunctionScriptingTraits (0ms)
			SetupTypeCache (183ms)
			ReleaseScriptCaches (1ms)
			RebuildScriptCaches (25ms)
			SetupLoadedEditorAssemblies (231ms)
				LogAssemblyErrors (0ms)
				InitializePlatformSupportModulesInManaged (3ms)
				SetLoadedEditorAssemblies (0ms)
				RefreshPlugins (1ms)
				BeforeProcessingInitializeOnLoad (54ms)
				ProcessInitializeOnLoadAttributes (164ms)
				ProcessInitializeOnLoadMethodAttributes (8ms)
				AfterProcessingInitializeOnLoad (2ms)
				EditorAssembliesLoaded (0ms)
			ExecutionOrderSort2 (0ms)
			AwakeInstancesAfterBackupRestoration (0ms)
Platform modules already initialized, skipping
Refreshing native plugins compatible for Editor in 0.51 ms, found 7 plugins.
Preloading 1 native plugins for Editor in 0.04 ms.
Unloading 2997 Unused Serialized files (Serialized files now loaded: 0)
System memory in use before: 136.5 MB.
System memory in use after: 136.4 MB.

Unloading 39 unused Assets to reduce memory usage. Loaded Objects now: 3468.
Total: 2.368300 ms (FindLiveObjects: 0.168900 ms CreateObjectMapping: 0.069000 ms MarkObjects: 1.879200 ms  DeleteObjects: 0.250200 ms)

AssetImportParameters requested are different than current active one (requested -> active):
  custom:framework-win-MediaFoundation: 216162199b28c13a410421893ffa2e32 -> 
  custom:video-decoder-ogg-theora: a1e56fd34408186e4bbccfd4996cb3dc -> 
  custom:container-muxer-webm: aa71ff27fc2769a1b78a27578f13a17b -> 
  custom:container-demuxer-webm: 4f35f7cbe854078d1ac9338744f61a02 -> 
  custom:container-demuxer-ogg: 62fdf1f143b41e24485cea50d1cbac27 -> 
  custom:video-encoder-webm-vp8: eb34c28f22e8b96e1ab97ce403110664 -> 
  custom:video-decoder-webm-vp8: 9c59270c3fd7afecdb556c50c9e8de78 -> 
  custom:audio-decoder-ogg-vorbis: bf7c407c2cedff20999df2af8eb42d56 -> 
  custom:audio-encoder-webm-vorbis: bf7c407c2cedff20999df2af8eb42d56 -> 
========================================================================
Received Import Request.
  Time since last request: 364.175745 seconds.
  path: Assets/Plugins/Zibra/Liquids/Shaders/FluidMeshMaterial.mat
  artifactKey: Guid(248b1858901577949a18bb8d09cb583f) Importer(815301076,1909f56bfc062723c751e8b465ee728b)
Start importing Assets/Plugins/Zibra/Liquids/Shaders/FluidMeshMaterial.mat using Guid(248b1858901577949a18bb8d09cb583f) Importer(815301076,1909f56bfc062723c751e8b465ee728b)  -> (artifact id: '940e21fb5b000af4dd03e0692f40e9b3') in 0.046278 seconds 
========================================================================
Received Import Request.
  Time since last request: 0.000151 seconds.
  path: Assets/Plugins/Zibra/Liquids/Shaders/VisualizeSDF.mat
  artifactKey: Guid(a29ad26b5c6c24c43ba0cbdc686b6b41) Importer(815301076,1909f56bfc062723c751e8b465ee728b)
Start importing Assets/Plugins/Zibra/Liquids/Shaders/VisualizeSDF.mat using Guid(a29ad26b5c6c24c43ba0cbdc686b6b41) Importer(815301076,1909f56bfc062723c751e8b465ee728b)  -> (artifact id: 'bf1f6879ba1aaa08ba6d868869458f94') in 0.012559 seconds 
========================================================================
Received Import Request.
  Time since last request: 0.000139 seconds.
  path: Assets/Plugins/Zibra/Liquids/Shaders/NoOpMeterial.mat
  artifactKey: Guid(ff90960702a9f4f98af827b7c307ec77) Importer(815301076,1909f56bfc062723c751e8b465ee728b)
Start importing Assets/Plugins/Zibra/Liquids/Shaders/NoOpMeterial.mat using Guid(ff90960702a9f4f98af827b7c307ec77) Importer(815301076,1909f56bfc062723c751e8b465ee728b)  -> (artifact id: 'e57b6a91e870a199eea79243fc697bae') in 0.006936 seconds 
========================================================================
Received Import Request.
  Time since last request: 0.000132 seconds.
  path: Assets/Plugins/Zibra/Liquids/Shaders/UpscaleMaterial.mat
  artifactKey: Guid(374557399a8cb1b499aee6a0cc226496) Importer(815301076,1909f56bfc062723c751e8b465ee728b)
Start importing Assets/Plugins/Zibra/Liquids/Shaders/UpscaleMaterial.mat using Guid(374557399a8cb1b499aee6a0cc226496) Importer(815301076,1909f56bfc062723c751e8b465ee728b)  -> (artifact id: '789e1f8115555aa89d66825304c68d99') in 0.007105 seconds 
========================================================================
Received Import Request.
  Time since last request: 7.086912 seconds.
  path: Assets/Plugins/Clayxels/examples/assets/Materials/clayNormal.mat
  artifactKey: Guid(c62f6944ef8bfbd4da281bfb9af1f02f) Importer(815301076,1909f56bfc062723c751e8b465ee728b)
Start importing Assets/Plugins/Clayxels/examples/assets/Materials/clayNormal.mat using Guid(c62f6944ef8bfbd4da281bfb9af1f02f) Importer(815301076,1909f56bfc062723c751e8b465ee728b)  -> (artifact id: 'fb01af06dff82f7f1f0f1d0cc0fb0782') in 0.030498 seconds 
========================================================================
Received Import Request.
  Time since last request: 0.000137 seconds.
  path: Assets/Plugins/Zibra/Liquids/Samples/Mesh/PhysicsMeshes/TeapotSimple.obj
  artifactKey: Guid(48bee8f6afb2fea408d526466013a8a2) Importer(815301076,1909f56bfc062723c751e8b465ee728b)
Start importing Assets/Plugins/Zibra/Liquids/Samples/Mesh/PhysicsMeshes/TeapotSimple.obj using Guid(48bee8f6afb2fea408d526466013a8a2) Importer(815301076,1909f56bfc062723c751e8b465ee728b)  -> (artifact id: '6f18dae8c366761e5abefda5b5b77d0e') in 0.069730 seconds 
========================================================================
Received Import Request.
  Time since last request: 0.000134 seconds.
  path: Assets/Samples/Ultraleap Tracking/6.7.0/Examples/Example Assets/Font/Now-Regular.otf
  artifactKey: Guid(bbeaa8436640dcc498518820577e86a3) Importer(815301076,1909f56bfc062723c751e8b465ee728b)
Start importing Assets/Samples/Ultraleap Tracking/6.7.0/Examples/Example Assets/Font/Now-Regular.otf using Guid(bbeaa8436640dcc498518820577e86a3) Importer(815301076,1909f56bfc062723c751e8b465ee728b)  -> (artifact id: 'f6f0a1676316fd3fcadc22c96942b417') in 0.028816 seconds 
========================================================================
Received Import Request.
  Time since last request: 0.000122 seconds.
  path: Assets/Samples/Ultraleap Tracking/6.7.0/Examples/Example Assets/Font/Now-Light.otf
  artifactKey: Guid(7397991fd148e8b4481078110744c5d0) Importer(815301076,1909f56bfc062723c751e8b465ee728b)
Start importing Assets/Samples/Ultraleap Tracking/6.7.0/Examples/Example Assets/Font/Now-Light.otf using Guid(7397991fd148e8b4481078110744c5d0) Importer(815301076,1909f56bfc062723c751e8b465ee728b)  -> (artifact id: 'd70242589039605ddb9f67286fb03e8e') in 0.015841 seconds 
========================================================================
Received Import Request.
  Time since last request: 0.000138 seconds.
  path: Assets/Samples/Ultraleap Tracking Preview/6.7.0/Examples/UI Input Examples/Example Assets/Font/Now-Light.otf
  artifactKey: Guid(c7836f353ecea934ea191a519262d190) Importer(815301076,1909f56bfc062723c751e8b465ee728b)
Start importing Assets/Samples/Ultraleap Tracking Preview/6.7.0/Examples/UI Input Examples/Example Assets/Font/Now-Light.otf using Guid(c7836f353ecea934ea191a519262d190) Importer(815301076,1909f56bfc062723c751e8b465ee728b)  -> (artifact id: 'fe055189c202aaf18c67dfd5327050ea') in 0.008657 seconds 
========================================================================
Received Import Request.
  Time since last request: 0.000122 seconds.
  path: Assets/Samples/Ultraleap Tracking Preview/6.7.0/Examples/UI Input Examples/Example Assets/Materials/Floor.mat
  artifactKey: Guid(2deaf96dd57682747abe8d231ffbc006) Importer(815301076,1909f56bfc062723c751e8b465ee728b)
Start importing Assets/Samples/Ultraleap Tracking Preview/6.7.0/Examples/UI Input Examples/Example Assets/Materials/Floor.mat using Guid(2deaf96dd57682747abe8d231ffbc006) Importer(815301076,1909f56bfc062723c751e8b465ee728b)  -> (artifact id: '5c8c85b69281c1a6f5b9e453541b717f') in 0.144300 seconds 
========================================================================
Received Import Request.
  Time since last request: 0.000124 seconds.
  path: Assets/Plugins/Clayxels/examples/examplesBuiltinRenderPipeline/ClayxelClayShader.mat
  artifactKey: Guid(c156ed5f580ef3545a8439dfe623e05f) Importer(815301076,1909f56bfc062723c751e8b465ee728b)
Start importing Assets/Plugins/Clayxels/examples/examplesBuiltinRenderPipeline/ClayxelClayShader.mat using Guid(c156ed5f580ef3545a8439dfe623e05f) Importer(815301076,1909f56bfc062723c751e8b465ee728b)  -> (artifact id: '41b8b695ac5bad0ebe217b8dc6899f9f') in 0.019518 seconds 
========================================================================
Received Import Request.
  Time since last request: 0.000126 seconds.
  path: Assets/Samples/Ultraleap Tracking Preview/6.7.0/Examples/Example Assets/Font/Now-Regular.otf
  artifactKey: Guid(e272a794108156248bd508037486e734) Importer(815301076,1909f56bfc062723c751e8b465ee728b)
Start importing Assets/Samples/Ultraleap Tracking Preview/6.7.0/Examples/Example Assets/Font/Now-Regular.otf using Guid(e272a794108156248bd508037486e734) Importer(815301076,1909f56bfc062723c751e8b465ee728b)  -> (artifact id: 'f3b53eb1ee94a6adddf9d383904090c4') in 0.014374 seconds 
========================================================================
Received Import Request.
  Time since last request: 0.000138 seconds.
  path: Assets/Samples/Ultraleap Tracking/6.7.0/Examples/Example Assets/Materials/DottedLineMaterial.mat
  artifactKey: Guid(27f2e7b4eb9f7d340a6f8f3486e3e691) Importer(815301076,1909f56bfc062723c751e8b465ee728b)
Start importing Assets/Samples/Ultraleap Tracking/6.7.0/Examples/Example Assets/Materials/DottedLineMaterial.mat using Guid(27f2e7b4eb9f7d340a6f8f3486e3e691) Importer(815301076,1909f56bfc062723c751e8b465ee728b)  -> (artifact id: 'a38625e77979a09400259ad9a7ef089b') in 0.020789 seconds 
========================================================================
Received Import Request.
  Time since last request: 0.000147 seconds.
  path: Assets/Samples/Ultraleap Tracking/6.7.0/Examples/Example Assets/Materials/Floor.mat
  artifactKey: Guid(f745b6e649899ab448e8c5297a107c8e) Importer(815301076,1909f56bfc062723c751e8b465ee728b)
Start importing Assets/Samples/Ultraleap Tracking/6.7.0/Examples/Example Assets/Materials/Floor.mat using Guid(f745b6e649899ab448e8c5297a107c8e) Importer(815301076,1909f56bfc062723c751e8b465ee728b)  -> (artifact id: '816cb2578b2178bf8185df8e1a29fbfe') in 0.008170 seconds 
========================================================================
Received Import Request.
  Time since last request: 0.000131 seconds.
  path: Assets/Samples/Ultraleap Tracking Preview/6.7.0/Examples/Example Assets/Font/Now-Black.otf
  artifactKey: Guid(03a88386af8384e40b221c95a315468c) Importer(815301076,1909f56bfc062723c751e8b465ee728b)
Start importing Assets/Samples/Ultraleap Tracking Preview/6.7.0/Examples/Example Assets/Font/Now-Black.otf using Guid(03a88386af8384e40b221c95a315468c) Importer(815301076,1909f56bfc062723c751e8b465ee728b)  -> (artifact id: 'c0430ef97eea3e8797eb6bb843c72d04') in 0.019024 seconds 
========================================================================
Received Import Request.
  Time since last request: 0.000129 seconds.
  path: Assets/Samples/Ultraleap Tracking Preview/6.7.0/Examples/Example Assets/Font/Now-Bold.otf
  artifactKey: Guid(7190142102949604a87e67a73931026f) Importer(815301076,1909f56bfc062723c751e8b465ee728b)
Start importing Assets/Samples/Ultraleap Tracking Preview/6.7.0/Examples/Example Assets/Font/Now-Bold.otf using Guid(7190142102949604a87e67a73931026f) Importer(815301076,1909f56bfc062723c751e8b465ee728b)  -> (artifact id: '8021db7b0492a5f297aad2d50e4d73b7') in 0.024324 seconds 
========================================================================
Received Import Request.
  Time since last request: 0.000116 seconds.
  path: Assets/Samples/Ultraleap Tracking/6.7.0/Examples/Example Assets/Font/Now-Bold.otf
  artifactKey: Guid(9f087c39a7bcfac4ab14615d5dad2ef5) Importer(815301076,1909f56bfc062723c751e8b465ee728b)
Start importing Assets/Samples/Ultraleap Tracking/6.7.0/Examples/Example Assets/Font/Now-Bold.otf using Guid(9f087c39a7bcfac4ab14615d5dad2ef5) Importer(815301076,1909f56bfc062723c751e8b465ee728b)  -> (artifact id: '50af8d2ac1ef77c5c57938662f3d1ef6') in 0.008485 seconds 
========================================================================
Received Import Request.
  Time since last request: 0.000123 seconds.
  path: Assets/Plugins/Zibra/Liquids/Samples/Mesh/PhysicsMeshes/SphereSimple.obj
  artifactKey: Guid(254db8e9820234249a1e0bd9741bbba7) Importer(815301076,1909f56bfc062723c751e8b465ee728b)
Start importing Assets/Plugins/Zibra/Liquids/Samples/Mesh/PhysicsMeshes/SphereSimple.obj using Guid(254db8e9820234249a1e0bd9741bbba7) Importer(815301076,1909f56bfc062723c751e8b465ee728b)  -> (artifact id: '72d9bea5ce0c5d9fca0642fa11421fe3') in 0.024551 seconds 
========================================================================
Received Import Request.
  Time since last request: 0.000167 seconds.
  path: Assets/Plugins/Zibra/Liquids/Samples/Mesh/teapot.obj
  artifactKey: Guid(34acbfdb42c9011479a51dfa19fcd49e) Importer(815301076,1909f56bfc062723c751e8b465ee728b)
Start importing Assets/Plugins/Zibra/Liquids/Samples/Mesh/teapot.obj using Guid(34acbfdb42c9011479a51dfa19fcd49e) Importer(815301076,1909f56bfc062723c751e8b465ee728b)  -> (artifact id: '762a8defc29bff1cf518370db777d5f8') in 0.039503 seconds 
========================================================================
Received Import Request.
  Time since last request: 0.000117 seconds.
  path: Assets/Samples/Ultraleap Tracking/6.7.0/Examples/Example Assets/Materials/Flat.mat
  artifactKey: Guid(b8cc224159b06514f97cec1f92e6f071) Importer(815301076,1909f56bfc062723c751e8b465ee728b)
Start importing Assets/Samples/Ultraleap Tracking/6.7.0/Examples/Example Assets/Materials/Flat.mat using Guid(b8cc224159b06514f97cec1f92e6f071) Importer(815301076,1909f56bfc062723c751e8b465ee728b)  -> (artifact id: 'f115be653b22622677546f104fc58581') in 0.018118 seconds 
========================================================================
Received Import Request.
  Time since last request: 0.000167 seconds.
  path: Assets/Samples/Ultraleap Tracking Preview/6.7.0/Examples/Example Assets/Materials/Floor.mat
  artifactKey: Guid(399fb3497426f664596928ee8ae7b383) Importer(815301076,1909f56bfc062723c751e8b465ee728b)
Start importing Assets/Samples/Ultraleap Tracking Preview/6.7.0/Examples/Example Assets/Materials/Floor.mat using Guid(399fb3497426f664596928ee8ae7b383) Importer(815301076,1909f56bfc062723c751e8b465ee728b)  -> (artifact id: 'ff1f056d72aaf6a079b4fe6e67f88fba') in 0.007827 seconds 
========================================================================
Received Import Request.
  Time since last request: 0.000154 seconds.
  path: Assets/Samples/Ultraleap Tracking/6.7.0/Examples/Example Assets/Font/Now-Black.otf
  artifactKey: Guid(616f159b2fa991948b4bd1afe333758d) Importer(815301076,1909f56bfc062723c751e8b465ee728b)
Start importing Assets/Samples/Ultraleap Tracking/6.7.0/Examples/Example Assets/Font/Now-Black.otf using Guid(616f159b2fa991948b4bd1afe333758d) Importer(815301076,1909f56bfc062723c751e8b465ee728b)  -> (artifact id: '6c7e7c1949568fc4fca92c3795ba0671') in 0.014911 seconds 
========================================================================
Received Import Request.
  Time since last request: 0.000139 seconds.
  path: Assets/Samples/Ultraleap Tracking Preview/6.7.0/Examples/Example Assets/Font/Now-Light.otf
  artifactKey: Guid(8c0bfb67d4aa1ca4099956aa5490ffb9) Importer(815301076,1909f56bfc062723c751e8b465ee728b)
Start importing Assets/Samples/Ultraleap Tracking Preview/6.7.0/Examples/Example Assets/Font/Now-Light.otf using Guid(8c0bfb67d4aa1ca4099956aa5490ffb9) Importer(815301076,1909f56bfc062723c751e8b465ee728b)  -> (artifact id: '25e6891666ad03041e6d6c4ea974d0c3') in 0.009087 seconds 
========================================================================
Received Import Request.
  Time since last request: 0.000130 seconds.
  path: Assets/Samples/Ultraleap Tracking/6.7.0/Examples/Example Assets/Font/Now-Medium.otf
  artifactKey: Guid(bf0143070710ad240a46cd716c21f39f) Importer(815301076,1909f56bfc062723c751e8b465ee728b)
Start importing Assets/Samples/Ultraleap Tracking/6.7.0/Examples/Example Assets/Font/Now-Medium.otf using Guid(bf0143070710ad240a46cd716c21f39f) Importer(815301076,1909f56bfc062723c751e8b465ee728b)  -> (artifact id: '60534ea72209d57531973da2a4814a78') in 0.021080 seconds 
========================================================================
Received Import Request.
  Time since last request: 41.617221 seconds.
  path: Assets/Plugins/Zibra/Liquids/Shaders/FluidMeshShader.shader
  artifactKey: Guid(5c9290c2c48b2094e906a7f87544e828) Importer(815301076,1909f56bfc062723c751e8b465ee728b)
Start importing Assets/Plugins/Zibra/Liquids/Shaders/FluidMeshShader.shader using Guid(5c9290c2c48b2094e906a7f87544e828) Importer(815301076,1909f56bfc062723c751e8b465ee728b)  -> (artifact id: 'a7293770cb23b1ff5a9acaf22fe2b8b8') in 0.012710 seconds 
========================================================================
Received Prepare
Registering precompiled user dll's ...
Registered in 0.002437 seconds.
Begin MonoManager ReloadAssembly
Native extension for Lumin target not found
Native extension for WindowsStandalone target not found
Refreshing native plugins compatible for Editor in 0.57 ms, found 7 plugins.
Preloading 1 native plugins for Editor in 0.12 ms.
Mono: successfully reloaded assembly
- Completed reload, in  0.873 seconds
Domain Reload Profiling:
	ReloadAssembly (876ms)
		BeginReloadAssembly (206ms)
			ExecutionOrderSort (0ms)
			DisableScriptedObjects (12ms)
			BackupInstance (0ms)
			ReleaseScriptingObjects (0ms)
			CreateAndSetChildDomain (108ms)
		EndReloadAssembly (627ms)
			LoadAssemblies (95ms)
			RebuildTransferFunctionScriptingTraits (0ms)
			SetupTypeCache (218ms)
			ReleaseScriptCaches (2ms)
			RebuildScriptCaches (24ms)
			SetupLoadedEditorAssemblies (248ms)
				LogAssemblyErrors (0ms)
				InitializePlatformSupportModulesInManaged (4ms)
				SetLoadedEditorAssemblies (1ms)
				RefreshPlugins (1ms)
				BeforeProcessingInitializeOnLoad (58ms)
				ProcessInitializeOnLoadAttributes (175ms)
				ProcessInitializeOnLoadMethodAttributes (8ms)
				AfterProcessingInitializeOnLoad (2ms)
				EditorAssembliesLoaded (0ms)
			ExecutionOrderSort2 (0ms)
			AwakeInstancesAfterBackupRestoration (0ms)
Platform modules already initialized, skipping
Refreshing native plugins compatible for Editor in 0.47 ms, found 7 plugins.
Preloading 1 native plugins for Editor in 0.04 ms.
Unloading 2997 Unused Serialized files (Serialized files now loaded: 0)
System memory in use before: 137.0 MB.
System memory in use after: 137.2 MB.

Unloading 39 unused Assets to reduce memory usage. Loaded Objects now: 3513.
Total: 2.403100 ms (FindLiveObjects: 0.137100 ms CreateObjectMapping: 0.054300 ms MarkObjects: 2.067200 ms  DeleteObjects: 0.143200 ms)

AssetImportParameters requested are different than current active one (requested -> active):
  custom:framework-win-MediaFoundation: 216162199b28c13a410421893ffa2e32 -> 
  custom:video-decoder-ogg-theora: a1e56fd34408186e4bbccfd4996cb3dc -> 
  custom:container-muxer-webm: aa71ff27fc2769a1b78a27578f13a17b -> 
  custom:container-demuxer-webm: 4f35f7cbe854078d1ac9338744f61a02 -> 
  custom:container-demuxer-ogg: 62fdf1f143b41e24485cea50d1cbac27 -> 
  custom:video-encoder-webm-vp8: eb34c28f22e8b96e1ab97ce403110664 -> 
  custom:video-decoder-webm-vp8: 9c59270c3fd7afecdb556c50c9e8de78 -> 
  custom:audio-decoder-ogg-vorbis: bf7c407c2cedff20999df2af8eb42d56 -> 
  custom:audio-encoder-webm-vorbis: bf7c407c2cedff20999df2af8eb42d56 -> 
AssetImportWorkerClient::OnTransportError - code=2 error=End of file
